  SFFPlayerDlg.cpp
E:\Desktop\git\video_parse\ffmpeg_sdl_mfc\SFFPlayer\include\stdint.h(91): warning C4005: “INT8_MIN”: 宏重定义
  D:\Windows Kits\10\Include\10.0.17763.0\shared\intsafe.h(158): note: 参见“INT8_MIN”的前一个定义
E:\Desktop\git\video_parse\ffmpeg_sdl_mfc\SFFPlayer\include\stdint.h(92): warning C4005: “INT16_MIN”: 宏重定义
  D:\Windows Kits\10\Include\10.0.17763.0\shared\intsafe.h(160): note: 参见“INT16_MIN”的前一个定义
E:\Desktop\git\video_parse\ffmpeg_sdl_mfc\SFFPlayer\include\stdint.h(93): warning C4005: “INT32_MIN”: 宏重定义
  D:\Windows Kits\10\Include\10.0.17763.0\shared\intsafe.h(162): note: 参见“INT32_MIN”的前一个定义
E:\Desktop\git\video_parse\ffmpeg_sdl_mfc\SFFPlayer\include\stdint.h(94): warning C4005: “INT64_MIN”: 宏重定义
  D:\Windows Kits\10\Include\10.0.17763.0\shared\intsafe.h(166): note: 参见“INT64_MIN”的前一个定义
E:\Desktop\git\video_parse\ffmpeg_sdl_mfc\SFFPlayer\include\stdint.h(96): warning C4005: “INT8_MAX”: 宏重定义
  D:\Windows Kits\10\Include\10.0.17763.0\shared\intsafe.h(181): note: 参见“INT8_MAX”的前一个定义
E:\Desktop\git\video_parse\ffmpeg_sdl_mfc\SFFPlayer\include\stdint.h(97): warning C4005: “INT16_MAX”: 宏重定义
  D:\Windows Kits\10\Include\10.0.17763.0\shared\intsafe.h(185): note: 参见“INT16_MAX”的前一个定义
E:\Desktop\git\video_parse\ffmpeg_sdl_mfc\SFFPlayer\include\stdint.h(98): warning C4005: “INT32_MAX”: 宏重定义
  D:\Windows Kits\10\Include\10.0.17763.0\shared\intsafe.h(190): note: 参见“INT32_MAX”的前一个定义
E:\Desktop\git\video_parse\ffmpeg_sdl_mfc\SFFPlayer\include\stdint.h(99): warning C4005: “INT64_MAX”: 宏重定义
  D:\Windows Kits\10\Include\10.0.17763.0\shared\intsafe.h(198): note: 参见“INT64_MAX”的前一个定义
E:\Desktop\git\video_parse\ffmpeg_sdl_mfc\SFFPlayer\include\stdint.h(101): warning C4005: “UINT8_MAX”: 宏重定义
  D:\Windows Kits\10\Include\10.0.17763.0\shared\intsafe.h(182): note: 参见“UINT8_MAX”的前一个定义
E:\Desktop\git\video_parse\ffmpeg_sdl_mfc\SFFPlayer\include\stdint.h(102): warning C4005: “UINT16_MAX”: 宏重定义
  D:\Windows Kits\10\Include\10.0.17763.0\shared\intsafe.h(187): note: 参见“UINT16_MAX”的前一个定义
E:\Desktop\git\video_parse\ffmpeg_sdl_mfc\SFFPlayer\include\stdint.h(103): warning C4005: “UINT32_MAX”: 宏重定义
  D:\Windows Kits\10\Include\10.0.17763.0\shared\intsafe.h(192): note: 参见“UINT32_MAX”的前一个定义
E:\Desktop\git\video_parse\ffmpeg_sdl_mfc\SFFPlayer\include\stdint.h(104): warning C4005: “UINT64_MAX”: 宏重定义
  D:\Windows Kits\10\Include\10.0.17763.0\shared\intsafe.h(203): note: 参见“UINT64_MAX”的前一个定义
E:\Desktop\git\video_parse\ffmpeg_sdl_mfc\SFFPlayer\include\stdint.h(162): warning C4005: “SIZE_MAX”: 宏重定义
  D:\Microsoft Visual Studio 2019\Community\VC\Tools\MSVC\14.20.27508\include\limits.h(76): note: 参见“SIZE_MAX”的前一个定义
E:\Desktop\git\video_parse\ffmpeg_sdl_mfc\SFFPlayer\include\get_info.h(76): warning C4244: “参数”: 从“unsigned __int64”转换到“size_t”，可能丢失数据
E:\Desktop\git\video_parse\ffmpeg_sdl_mfc\SFFPlayer\include\get_info.h(78): warning C4244: “参数”: 从“unsigned __int64”转换到“size_t”，可能丢失数据
E:\Desktop\git\video_parse\ffmpeg_sdl_mfc\SFFPlayer\include\get_info.h(82): warning C4244: “参数”: 从“const unsigned __int64”转换到“int”，可能丢失数据
E:\Desktop\git\video_parse\ffmpeg_sdl_mfc\SFFPlayer\include\get_info.h(112): warning C4996: 'sprintf': This function or variable may be unsafe. Consider using sprintf_s instead. To disable deprecation, use _CRT_SECURE_NO_WARNINGS. See online help for details.
  D:\Windows Kits\10\Include\10.0.17763.0\ucrt\stdio.h(1774): note: 参见“sprintf”的声明
E:\Desktop\git\video_parse\ffmpeg_sdl_mfc\SFFPlayer\include\get_info.h(207): warning C4018: “<”: 有符号/无符号不匹配
E:\Desktop\git\video_parse\ffmpeg_sdl_mfc\SFFPlayer\include\get_info.h(247): warning C4018: “<”: 有符号/无符号不匹配
E:\Desktop\git\video_parse\ffmpeg_sdl_mfc\SFFPlayer\include\get_info.h(279): warning C4018: “<”: 有符号/无符号不匹配
E:\Desktop\git\video_parse\ffmpeg_sdl_mfc\SFFPlayer\include\get_info.h(349): warning C4018: “<”: 有符号/无符号不匹配
E:\Desktop\git\video_parse\ffmpeg_sdl_mfc\SFFPlayer\include\get_info.h(377): warning C4018: “<”: 有符号/无符号不匹配
E:\Desktop\git\video_parse\ffmpeg_sdl_mfc\SFFPlayer\include\get_info.h(330): warning C4996: 'strcpy': This function or variable may be unsafe. Consider using strcpy_s instead. To disable deprecation, use _CRT_SECURE_NO_WARNINGS. See online help for details.
  D:\Windows Kits\10\Include\10.0.17763.0\ucrt\string.h(133): note: 参见“strcpy”的声明
E:\Desktop\git\video_parse\ffmpeg_sdl_mfc\SFFPlayer\include\get_info.h(332): warning C4996: 'sprintf': This function or variable may be unsafe. Consider using sprintf_s instead. To disable deprecation, use _CRT_SECURE_NO_WARNINGS. See online help for details.
  D:\Windows Kits\10\Include\10.0.17763.0\ucrt\stdio.h(1774): note: 参见“sprintf”的声明
E:\Desktop\git\video_parse\ffmpeg_sdl_mfc\SFFPlayer\include\get_info.h(366): warning C4996: 'sscanf': This function or variable may be unsafe. Consider using sscanf_s instead. To disable deprecation, use _CRT_SECURE_NO_WARNINGS. See online help for details.
  D:\Windows Kits\10\Include\10.0.17763.0\ucrt\stdio.h(2263): note: 参见“sscanf”的声明
E:\Desktop\git\video_parse\ffmpeg_sdl_mfc\SFFPlayer\include\get_info.h(395): warning C4996: 'sscanf': This function or variable may be unsafe. Consider using sscanf_s instead. To disable deprecation, use _CRT_SECURE_NO_WARNINGS. See online help for details.
  D:\Windows Kits\10\Include\10.0.17763.0\ucrt\stdio.h(2263): note: 参见“sscanf”的声明
E:\Desktop\git\video_parse\ffmpeg_sdl_mfc\SFFPlayer\SFFPlayerDlg.cpp(105): warning C4996: 'freopen': This function or variable may be unsafe. Consider using freopen_s instead. To disable deprecation, use _CRT_SECURE_NO_WARNINGS. See online help for details.
  D:\Windows Kits\10\Include\10.0.17763.0\ucrt\stdio.h(243): note: 参见“freopen”的声明
E:\Desktop\git\video_parse\ffmpeg_sdl_mfc\SFFPlayer\SFFPlayerDlg.cpp(106): warning C4996: 'freopen': This function or variable may be unsafe. Consider using freopen_s instead. To disable deprecation, use _CRT_SECURE_NO_WARNINGS. See online help for details.
  D:\Windows Kits\10\Include\10.0.17763.0\ucrt\stdio.h(243): note: 参见“freopen”的声明
E:\Desktop\git\video_parse\ffmpeg_sdl_mfc\SFFPlayer\SFFPlayerDlg.cpp(107): warning C4996: 'freopen': This function or variable may be unsafe. Consider using freopen_s instead. To disable deprecation, use _CRT_SECURE_NO_WARNINGS. See online help for details.
  D:\Windows Kits\10\Include\10.0.17763.0\ucrt\stdio.h(243): note: 参见“freopen”的声明
E:\Desktop\git\video_parse\ffmpeg_sdl_mfc\SFFPlayer\SFFPlayerDlg.cpp(262): warning C4018: “<”: 有符号/无符号不匹配
  SFFPlayer.vcxproj -> E:\Desktop\git\video_parse\ffmpeg_sdl_mfc\Debug\SFFPlayer.exe
